<?xml version="1.0" encoding="UTF-8"?>
<testsuite xmlns:xsi="http://www.w3.org/2001/XMLSchema-instance" xsi:noNamespaceSchemaLocation="https://maven.apache.org/surefire/maven-surefire-plugin/xsd/surefire-test-report.xsd" name="com.example.demoload.DemoLoadApplicationTests" time="1.813" tests="1" errors="0" skipped="0" failures="0">
  <properties>
    <property name="sun.desktop" value="gnome"/>
    <property name="awt.toolkit" value="sun.awt.X11.XToolkit"/>
    <property name="file.encoding.pkg" value="sun.io"/>
    <property name="java.specification.version" value="1.8"/>
    <property name="sun.cpu.isalist" value=""/>
    <property name="sun.jnu.encoding" value="UTF-8"/>
    <property name="java.class.path" value="/home/dsinitcyn/Work/demoLoad/target/test-classes:/home/dsinitcyn/Work/demoLoad/target/classes:/home/dsinitcyn/.m2/repository/org/springframework/boot/spring-boot-starter-web/2.4.0/spring-boot-starter-web-2.4.0.jar:/home/dsinitcyn/.m2/repository/org/springframework/boot/spring-boot-starter/2.4.0/spring-boot-starter-2.4.0.jar:/home/dsinitcyn/.m2/repository/org/springframework/boot/spring-boot/2.4.0/spring-boot-2.4.0.jar:/home/dsinitcyn/.m2/repository/org/springframework/boot/spring-boot-autoconfigure/2.4.0/spring-boot-autoconfigure-2.4.0.jar:/home/dsinitcyn/.m2/repository/org/springframework/boot/spring-boot-starter-logging/2.4.0/spring-boot-starter-logging-2.4.0.jar:/home/dsinitcyn/.m2/repository/ch/qos/logback/logback-classic/1.2.3/logback-classic-1.2.3.jar:/home/dsinitcyn/.m2/repository/ch/qos/logback/logback-core/1.2.3/logback-core-1.2.3.jar:/home/dsinitcyn/.m2/repository/org/apache/logging/log4j/log4j-to-slf4j/2.13.3/log4j-to-slf4j-2.13.3.jar:/home/dsinitcyn/.m2/repository/org/apache/logging/log4j/log4j-api/2.13.3/log4j-api-2.13.3.jar:/home/dsinitcyn/.m2/repository/org/slf4j/jul-to-slf4j/1.7.30/jul-to-slf4j-1.7.30.jar:/home/dsinitcyn/.m2/repository/jakarta/annotation/jakarta.annotation-api/1.3.5/jakarta.annotation-api-1.3.5.jar:/home/dsinitcyn/.m2/repository/org/yaml/snakeyaml/1.27/snakeyaml-1.27.jar:/home/dsinitcyn/.m2/repository/org/springframework/boot/spring-boot-starter-json/2.4.0/spring-boot-starter-json-2.4.0.jar:/home/dsinitcyn/.m2/repository/com/fasterxml/jackson/core/jackson-databind/2.11.3/jackson-databind-2.11.3.jar:/home/dsinitcyn/.m2/repository/com/fasterxml/jackson/core/jackson-annotations/2.11.3/jackson-annotations-2.11.3.jar:/home/dsinitcyn/.m2/repository/com/fasterxml/jackson/core/jackson-core/2.11.3/jackson-core-2.11.3.jar:/home/dsinitcyn/.m2/repository/com/fasterxml/jackson/datatype/jackson-datatype-jdk8/2.11.3/jackson-datatype-jdk8-2.11.3.jar:/home/dsinitcyn/.m2/repository/com/fasterxml/jackson/datatype/jackson-datatype-jsr310/2.11.3/jackson-datatype-jsr310-2.11.3.jar:/home/dsinitcyn/.m2/repository/com/fasterxml/jackson/module/jackson-module-parameter-names/2.11.3/jackson-module-parameter-names-2.11.3.jar:/home/dsinitcyn/.m2/repository/org/springframework/boot/spring-boot-starter-tomcat/2.4.0/spring-boot-starter-tomcat-2.4.0.jar:/home/dsinitcyn/.m2/repository/org/apache/tomcat/embed/tomcat-embed-core/9.0.39/tomcat-embed-core-9.0.39.jar:/home/dsinitcyn/.m2/repository/org/glassfish/jakarta.el/3.0.3/jakarta.el-3.0.3.jar:/home/dsinitcyn/.m2/repository/org/apache/tomcat/embed/tomcat-embed-websocket/9.0.39/tomcat-embed-websocket-9.0.39.jar:/home/dsinitcyn/.m2/repository/org/springframework/spring-web/5.3.1/spring-web-5.3.1.jar:/home/dsinitcyn/.m2/repository/org/springframework/spring-beans/5.3.1/spring-beans-5.3.1.jar:/home/dsinitcyn/.m2/repository/org/springframework/spring-webmvc/5.3.1/spring-webmvc-5.3.1.jar:/home/dsinitcyn/.m2/repository/org/springframework/spring-aop/5.3.1/spring-aop-5.3.1.jar:/home/dsinitcyn/.m2/repository/org/springframework/spring-context/5.3.1/spring-context-5.3.1.jar:/home/dsinitcyn/.m2/repository/org/springframework/spring-expression/5.3.1/spring-expression-5.3.1.jar:/home/dsinitcyn/.m2/repository/org/projectlombok/lombok/1.18.16/lombok-1.18.16.jar:/home/dsinitcyn/.m2/repository/org/springframework/boot/spring-boot-starter-test/2.4.0/spring-boot-starter-test-2.4.0.jar:/home/dsinitcyn/.m2/repository/org/springframework/boot/spring-boot-test/2.4.0/spring-boot-test-2.4.0.jar:/home/dsinitcyn/.m2/repository/org/springframework/boot/spring-boot-test-autoconfigure/2.4.0/spring-boot-test-autoconfigure-2.4.0.jar:/home/dsinitcyn/.m2/repository/com/jayway/jsonpath/json-path/2.4.0/json-path-2.4.0.jar:/home/dsinitcyn/.m2/repository/net/minidev/json-smart/2.3/json-smart-2.3.jar:/home/dsinitcyn/.m2/repository/net/minidev/accessors-smart/1.2/accessors-smart-1.2.jar:/home/dsinitcyn/.m2/repository/org/ow2/asm/asm/5.0.4/asm-5.0.4.jar:/home/dsinitcyn/.m2/repository/jakarta/xml/bind/jakarta.xml.bind-api/2.3.3/jakarta.xml.bind-api-2.3.3.jar:/home/dsinitcyn/.m2/repository/jakarta/activation/jakarta.activation-api/1.2.2/jakarta.activation-api-1.2.2.jar:/home/dsinitcyn/.m2/repository/org/assertj/assertj-core/3.18.1/assertj-core-3.18.1.jar:/home/dsinitcyn/.m2/repository/org/hamcrest/hamcrest/2.2/hamcrest-2.2.jar:/home/dsinitcyn/.m2/repository/org/junit/jupiter/junit-jupiter/5.7.0/junit-jupiter-5.7.0.jar:/home/dsinitcyn/.m2/repository/org/junit/jupiter/junit-jupiter-api/5.7.0/junit-jupiter-api-5.7.0.jar:/home/dsinitcyn/.m2/repository/org/apiguardian/apiguardian-api/1.1.0/apiguardian-api-1.1.0.jar:/home/dsinitcyn/.m2/repository/org/opentest4j/opentest4j/1.2.0/opentest4j-1.2.0.jar:/home/dsinitcyn/.m2/repository/org/junit/platform/junit-platform-commons/1.7.0/junit-platform-commons-1.7.0.jar:/home/dsinitcyn/.m2/repository/org/junit/jupiter/junit-jupiter-params/5.7.0/junit-jupiter-params-5.7.0.jar:/home/dsinitcyn/.m2/repository/org/junit/jupiter/junit-jupiter-engine/5.7.0/junit-jupiter-engine-5.7.0.jar:/home/dsinitcyn/.m2/repository/org/junit/platform/junit-platform-engine/1.7.0/junit-platform-engine-1.7.0.jar:/home/dsinitcyn/.m2/repository/org/mockito/mockito-core/3.6.0/mockito-core-3.6.0.jar:/home/dsinitcyn/.m2/repository/net/bytebuddy/byte-buddy/1.10.18/byte-buddy-1.10.18.jar:/home/dsinitcyn/.m2/repository/net/bytebuddy/byte-buddy-agent/1.10.18/byte-buddy-agent-1.10.18.jar:/home/dsinitcyn/.m2/repository/org/objenesis/objenesis/3.1/objenesis-3.1.jar:/home/dsinitcyn/.m2/repository/org/mockito/mockito-junit-jupiter/3.6.0/mockito-junit-jupiter-3.6.0.jar:/home/dsinitcyn/.m2/repository/org/skyscreamer/jsonassert/1.5.0/jsonassert-1.5.0.jar:/home/dsinitcyn/.m2/repository/com/vaadin/external/google/android-json/0.0.20131108.vaadin1/android-json-0.0.20131108.vaadin1.jar:/home/dsinitcyn/.m2/repository/org/springframework/spring-core/5.3.1/spring-core-5.3.1.jar:/home/dsinitcyn/.m2/repository/org/springframework/spring-jcl/5.3.1/spring-jcl-5.3.1.jar:/home/dsinitcyn/.m2/repository/org/springframework/spring-test/5.3.1/spring-test-5.3.1.jar:/home/dsinitcyn/.m2/repository/org/xmlunit/xmlunit-core/2.7.0/xmlunit-core-2.7.0.jar:/home/dsinitcyn/.m2/repository/com/netflix/hystrix/hystrix-servo-metrics-publisher/1.5.18/hystrix-servo-metrics-publisher-1.5.18.jar:/home/dsinitcyn/.m2/repository/com/netflix/servo/servo-core/0.10.1/servo-core-0.10.1.jar:/home/dsinitcyn/.m2/repository/com/google/guava/guava/16.0.1/guava-16.0.1.jar:/home/dsinitcyn/.m2/repository/com/google/code/findbugs/annotations/2.0.0/annotations-2.0.0.jar:/home/dsinitcyn/.m2/repository/com/netflix/servo/servo-internal/0.10.1/servo-internal-0.10.1.jar:/home/dsinitcyn/.m2/repository/com/netflix/hystrix/hystrix-core/1.5.18/hystrix-core-1.5.18.jar:/home/dsinitcyn/.m2/repository/org/slf4j/slf4j-api/1.7.30/slf4j-api-1.7.30.jar:/home/dsinitcyn/.m2/repository/com/netflix/archaius/archaius-core/0.4.1/archaius-core-0.4.1.jar:/home/dsinitcyn/.m2/repository/commons-configuration/commons-configuration/1.8/commons-configuration-1.8.jar:/home/dsinitcyn/.m2/repository/commons-lang/commons-lang/2.6/commons-lang-2.6.jar:/home/dsinitcyn/.m2/repository/commons-logging/commons-logging/1.1.1/commons-logging-1.1.1.jar:/home/dsinitcyn/.m2/repository/io/reactivex/rxjava/1.3.8/rxjava-1.3.8.jar:/home/dsinitcyn/.m2/repository/org/hdrhistogram/HdrHistogram/2.1.9/HdrHistogram-2.1.9.jar:"/>
    <property name="java.vm.vendor" value="Private Build"/>
    <property name="sun.arch.data.model" value="64"/>
    <property name="java.vendor.url" value="http://java.oracle.com/"/>
    <property name="user.timezone" value=""/>
    <property name="java.vm.specification.version" value="1.8"/>
    <property name="os.name" value="Linux"/>
    <property name="user.country" value="US"/>
    <property name="sun.java.launcher" value="SUN_STANDARD"/>
    <property name="sun.boot.library.path" value="/usr/lib/jvm/java-8-openjdk-amd64/jre/lib/amd64"/>
    <property name="sun.java.command" value="/home/dsinitcyn/Work/demoLoad/target/surefire/surefirebooter221292342973596677.jar /home/dsinitcyn/Work/demoLoad/target/surefire 2023-01-10T15-59-13_024-jvmRun1 surefire4012813047838343595tmp surefire_0659748887470295565tmp"/>
    <property name="surefire.test.class.path" value="/home/dsinitcyn/Work/demoLoad/target/test-classes:/home/dsinitcyn/Work/demoLoad/target/classes:/home/dsinitcyn/.m2/repository/org/springframework/boot/spring-boot-starter-web/2.4.0/spring-boot-starter-web-2.4.0.jar:/home/dsinitcyn/.m2/repository/org/springframework/boot/spring-boot-starter/2.4.0/spring-boot-starter-2.4.0.jar:/home/dsinitcyn/.m2/repository/org/springframework/boot/spring-boot/2.4.0/spring-boot-2.4.0.jar:/home/dsinitcyn/.m2/repository/org/springframework/boot/spring-boot-autoconfigure/2.4.0/spring-boot-autoconfigure-2.4.0.jar:/home/dsinitcyn/.m2/repository/org/springframework/boot/spring-boot-starter-logging/2.4.0/spring-boot-starter-logging-2.4.0.jar:/home/dsinitcyn/.m2/repository/ch/qos/logback/logback-classic/1.2.3/logback-classic-1.2.3.jar:/home/dsinitcyn/.m2/repository/ch/qos/logback/logback-core/1.2.3/logback-core-1.2.3.jar:/home/dsinitcyn/.m2/repository/org/apache/logging/log4j/log4j-to-slf4j/2.13.3/log4j-to-slf4j-2.13.3.jar:/home/dsinitcyn/.m2/repository/org/apache/logging/log4j/log4j-api/2.13.3/log4j-api-2.13.3.jar:/home/dsinitcyn/.m2/repository/org/slf4j/jul-to-slf4j/1.7.30/jul-to-slf4j-1.7.30.jar:/home/dsinitcyn/.m2/repository/jakarta/annotation/jakarta.annotation-api/1.3.5/jakarta.annotation-api-1.3.5.jar:/home/dsinitcyn/.m2/repository/org/yaml/snakeyaml/1.27/snakeyaml-1.27.jar:/home/dsinitcyn/.m2/repository/org/springframework/boot/spring-boot-starter-json/2.4.0/spring-boot-starter-json-2.4.0.jar:/home/dsinitcyn/.m2/repository/com/fasterxml/jackson/core/jackson-databind/2.11.3/jackson-databind-2.11.3.jar:/home/dsinitcyn/.m2/repository/com/fasterxml/jackson/core/jackson-annotations/2.11.3/jackson-annotations-2.11.3.jar:/home/dsinitcyn/.m2/repository/com/fasterxml/jackson/core/jackson-core/2.11.3/jackson-core-2.11.3.jar:/home/dsinitcyn/.m2/repository/com/fasterxml/jackson/datatype/jackson-datatype-jdk8/2.11.3/jackson-datatype-jdk8-2.11.3.jar:/home/dsinitcyn/.m2/repository/com/fasterxml/jackson/datatype/jackson-datatype-jsr310/2.11.3/jackson-datatype-jsr310-2.11.3.jar:/home/dsinitcyn/.m2/repository/com/fasterxml/jackson/module/jackson-module-parameter-names/2.11.3/jackson-module-parameter-names-2.11.3.jar:/home/dsinitcyn/.m2/repository/org/springframework/boot/spring-boot-starter-tomcat/2.4.0/spring-boot-starter-tomcat-2.4.0.jar:/home/dsinitcyn/.m2/repository/org/apache/tomcat/embed/tomcat-embed-core/9.0.39/tomcat-embed-core-9.0.39.jar:/home/dsinitcyn/.m2/repository/org/glassfish/jakarta.el/3.0.3/jakarta.el-3.0.3.jar:/home/dsinitcyn/.m2/repository/org/apache/tomcat/embed/tomcat-embed-websocket/9.0.39/tomcat-embed-websocket-9.0.39.jar:/home/dsinitcyn/.m2/repository/org/springframework/spring-web/5.3.1/spring-web-5.3.1.jar:/home/dsinitcyn/.m2/repository/org/springframework/spring-beans/5.3.1/spring-beans-5.3.1.jar:/home/dsinitcyn/.m2/repository/org/springframework/spring-webmvc/5.3.1/spring-webmvc-5.3.1.jar:/home/dsinitcyn/.m2/repository/org/springframework/spring-aop/5.3.1/spring-aop-5.3.1.jar:/home/dsinitcyn/.m2/repository/org/springframework/spring-context/5.3.1/spring-context-5.3.1.jar:/home/dsinitcyn/.m2/repository/org/springframework/spring-expression/5.3.1/spring-expression-5.3.1.jar:/home/dsinitcyn/.m2/repository/org/projectlombok/lombok/1.18.16/lombok-1.18.16.jar:/home/dsinitcyn/.m2/repository/org/springframework/boot/spring-boot-starter-test/2.4.0/spring-boot-starter-test-2.4.0.jar:/home/dsinitcyn/.m2/repository/org/springframework/boot/spring-boot-test/2.4.0/spring-boot-test-2.4.0.jar:/home/dsinitcyn/.m2/repository/org/springframework/boot/spring-boot-test-autoconfigure/2.4.0/spring-boot-test-autoconfigure-2.4.0.jar:/home/dsinitcyn/.m2/repository/com/jayway/jsonpath/json-path/2.4.0/json-path-2.4.0.jar:/home/dsinitcyn/.m2/repository/net/minidev/json-smart/2.3/json-smart-2.3.jar:/home/dsinitcyn/.m2/repository/net/minidev/accessors-smart/1.2/accessors-smart-1.2.jar:/home/dsinitcyn/.m2/repository/org/ow2/asm/asm/5.0.4/asm-5.0.4.jar:/home/dsinitcyn/.m2/repository/jakarta/xml/bind/jakarta.xml.bind-api/2.3.3/jakarta.xml.bind-api-2.3.3.jar:/home/dsinitcyn/.m2/repository/jakarta/activation/jakarta.activation-api/1.2.2/jakarta.activation-api-1.2.2.jar:/home/dsinitcyn/.m2/repository/org/assertj/assertj-core/3.18.1/assertj-core-3.18.1.jar:/home/dsinitcyn/.m2/repository/org/hamcrest/hamcrest/2.2/hamcrest-2.2.jar:/home/dsinitcyn/.m2/repository/org/junit/jupiter/junit-jupiter/5.7.0/junit-jupiter-5.7.0.jar:/home/dsinitcyn/.m2/repository/org/junit/jupiter/junit-jupiter-api/5.7.0/junit-jupiter-api-5.7.0.jar:/home/dsinitcyn/.m2/repository/org/apiguardian/apiguardian-api/1.1.0/apiguardian-api-1.1.0.jar:/home/dsinitcyn/.m2/repository/org/opentest4j/opentest4j/1.2.0/opentest4j-1.2.0.jar:/home/dsinitcyn/.m2/repository/org/junit/platform/junit-platform-commons/1.7.0/junit-platform-commons-1.7.0.jar:/home/dsinitcyn/.m2/repository/org/junit/jupiter/junit-jupiter-params/5.7.0/junit-jupiter-params-5.7.0.jar:/home/dsinitcyn/.m2/repository/org/junit/jupiter/junit-jupiter-engine/5.7.0/junit-jupiter-engine-5.7.0.jar:/home/dsinitcyn/.m2/repository/org/junit/platform/junit-platform-engine/1.7.0/junit-platform-engine-1.7.0.jar:/home/dsinitcyn/.m2/repository/org/mockito/mockito-core/3.6.0/mockito-core-3.6.0.jar:/home/dsinitcyn/.m2/repository/net/bytebuddy/byte-buddy/1.10.18/byte-buddy-1.10.18.jar:/home/dsinitcyn/.m2/repository/net/bytebuddy/byte-buddy-agent/1.10.18/byte-buddy-agent-1.10.18.jar:/home/dsinitcyn/.m2/repository/org/objenesis/objenesis/3.1/objenesis-3.1.jar:/home/dsinitcyn/.m2/repository/org/mockito/mockito-junit-jupiter/3.6.0/mockito-junit-jupiter-3.6.0.jar:/home/dsinitcyn/.m2/repository/org/skyscreamer/jsonassert/1.5.0/jsonassert-1.5.0.jar:/home/dsinitcyn/.m2/repository/com/vaadin/external/google/android-json/0.0.20131108.vaadin1/android-json-0.0.20131108.vaadin1.jar:/home/dsinitcyn/.m2/repository/org/springframework/spring-core/5.3.1/spring-core-5.3.1.jar:/home/dsinitcyn/.m2/repository/org/springframework/spring-jcl/5.3.1/spring-jcl-5.3.1.jar:/home/dsinitcyn/.m2/repository/org/springframework/spring-test/5.3.1/spring-test-5.3.1.jar:/home/dsinitcyn/.m2/repository/org/xmlunit/xmlunit-core/2.7.0/xmlunit-core-2.7.0.jar:/home/dsinitcyn/.m2/repository/com/netflix/hystrix/hystrix-servo-metrics-publisher/1.5.18/hystrix-servo-metrics-publisher-1.5.18.jar:/home/dsinitcyn/.m2/repository/com/netflix/servo/servo-core/0.10.1/servo-core-0.10.1.jar:/home/dsinitcyn/.m2/repository/com/google/guava/guava/16.0.1/guava-16.0.1.jar:/home/dsinitcyn/.m2/repository/com/google/code/findbugs/annotations/2.0.0/annotations-2.0.0.jar:/home/dsinitcyn/.m2/repository/com/netflix/servo/servo-internal/0.10.1/servo-internal-0.10.1.jar:/home/dsinitcyn/.m2/repository/com/netflix/hystrix/hystrix-core/1.5.18/hystrix-core-1.5.18.jar:/home/dsinitcyn/.m2/repository/org/slf4j/slf4j-api/1.7.30/slf4j-api-1.7.30.jar:/home/dsinitcyn/.m2/repository/com/netflix/archaius/archaius-core/0.4.1/archaius-core-0.4.1.jar:/home/dsinitcyn/.m2/repository/commons-configuration/commons-configuration/1.8/commons-configuration-1.8.jar:/home/dsinitcyn/.m2/repository/commons-lang/commons-lang/2.6/commons-lang-2.6.jar:/home/dsinitcyn/.m2/repository/commons-logging/commons-logging/1.1.1/commons-logging-1.1.1.jar:/home/dsinitcyn/.m2/repository/io/reactivex/rxjava/1.3.8/rxjava-1.3.8.jar:/home/dsinitcyn/.m2/repository/org/hdrhistogram/HdrHistogram/2.1.9/HdrHistogram-2.1.9.jar:"/>
    <property name="sun.cpu.endian" value="little"/>
    <property name="user.home" value="/home/dsinitcyn"/>
    <property name="user.language" value="en"/>
    <property name="java.specification.vendor" value="Oracle Corporation"/>
    <property name="java.home" value="/usr/lib/jvm/java-8-openjdk-amd64/jre"/>
    <property name="basedir" value="/home/dsinitcyn/Work/demoLoad"/>
    <property name="file.separator" value="/"/>
    <property name="line.separator" value="&#10;"/>
    <property name="java.vm.specification.vendor" value="Oracle Corporation"/>
    <property name="java.specification.name" value="Java Platform API Specification"/>
    <property name="java.awt.graphicsenv" value="sun.awt.X11GraphicsEnvironment"/>
    <property name="surefire.real.class.path" value="/home/dsinitcyn/Work/demoLoad/target/surefire/surefirebooter221292342973596677.jar"/>
    <property name="sun.boot.class.path" value="/usr/lib/jvm/java-8-openjdk-amd64/jre/lib/resources.jar:/usr/lib/jvm/java-8-openjdk-amd64/jre/lib/rt.jar:/usr/lib/jvm/java-8-openjdk-amd64/jre/lib/sunrsasign.jar:/usr/lib/jvm/java-8-openjdk-amd64/jre/lib/jsse.jar:/usr/lib/jvm/java-8-openjdk-amd64/jre/lib/jce.jar:/usr/lib/jvm/java-8-openjdk-amd64/jre/lib/charsets.jar:/usr/lib/jvm/java-8-openjdk-amd64/jre/lib/jfr.jar:/usr/lib/jvm/java-8-openjdk-amd64/jre/classes"/>
    <property name="sun.management.compiler" value="HotSpot 64-Bit Tiered Compilers"/>
    <property name="java.runtime.version" value="1.8.0_352-8u352-ga-1~22.04-b08"/>
    <property name="user.name" value="dsinitcyn"/>
    <property name="path.separator" value=":"/>
    <property name="os.version" value="5.15.0-56-generic"/>
    <property name="java.endorsed.dirs" value="/usr/lib/jvm/java-8-openjdk-amd64/jre/lib/endorsed"/>
    <property name="java.runtime.name" value="OpenJDK Runtime Environment"/>
    <property name="file.encoding" value="UTF-8"/>
    <property name="java.vm.name" value="OpenJDK 64-Bit Server VM"/>
    <property name="localRepository" value="/home/dsinitcyn/.m2/repository"/>
    <property name="java.vendor.url.bug" value="http://bugreport.sun.com/bugreport/"/>
    <property name="java.io.tmpdir" value="/tmp"/>
    <property name="idea.version" value="2022.3.1"/>
    <property name="java.version" value="1.8.0_352"/>
    <property name="user.dir" value="/home/dsinitcyn/Work/demoLoad"/>
    <property name="os.arch" value="amd64"/>
    <property name="java.vm.specification.name" value="Java Virtual Machine Specification"/>
    <property name="java.awt.printerjob" value="sun.print.PSPrinterJob"/>
    <property name="sun.os.patch.level" value="unknown"/>
    <property name="java.library.path" value="/usr/java/packages/lib/amd64:/usr/lib/x86_64-linux-gnu/jni:/lib/x86_64-linux-gnu:/usr/lib/x86_64-linux-gnu:/usr/lib/jni:/lib:/usr/lib"/>
    <property name="java.vm.info" value="mixed mode"/>
    <property name="java.vendor" value="Private Build"/>
    <property name="java.vm.version" value="25.352-b08"/>
    <property name="java.specification.maintenance.version" value="4"/>
    <property name="java.ext.dirs" value="/usr/lib/jvm/java-8-openjdk-amd64/jre/lib/ext:/usr/java/packages/lib/ext"/>
    <property name="sun.io.unicode.encoding" value="UnicodeLittle"/>
    <property name="java.class.version" value="52.0"/>
  </properties>
  <testcase name="contextLoads" classname="com.example.demoload.DemoLoadApplicationTests" time="0.13"/>
</testsuite>